# JRE version: Java(TM) SE Runtime Environment (8.0_401) (build 1.8.0_401-b10)
# Java VM: Java HotSpot(TM) 64-Bit Server VM (25.401-b10 mixed mode linux-amd64 compressed oops)
Heap:
 PSYoungGen      total 393216K, used 208139K [0x000000076ab00000, 0x0000000783080000, 0x00000007c0000000)
  eden space 392192K, 52% used [0x000000076ab00000,0x000000077759aea0,0x0000000782a00000)
  from space 1024K, 65% used [0x0000000782f00000,0x0000000782fa8000,0x0000000783000000)
  to   space 512K, 0% used [0x0000000783000000,0x0000000783000000,0x0000000783080000)
 ParOldGen       total 1070080K, used 73756K [0x00000006c0000000, 0x0000000701500000, 0x000000076ab00000)
  object space 1070080K, 6% used [0x00000006c0000000,0x00000006c4807298,0x0000000701500000)
 Metaspace       used 74143K, capacity 75260K, committed 75392K, reserved 1116160K
  class space    used 8768K, capacity 9011K, committed 9088K, reserved 1048576K
GC Heap History (10 events):
Event: 463.000 GC heap before
{Heap before GC invocations=224 (full 3):
 PSYoungGen      total 364032K, used 363680K [0x000000076ab00000, 0x0000000781080000, 0x00000007c0000000)
  eden space 363008K, 100% used [0x000000076ab00000,0x0000000780d80000,0x0000000780d80000)
  from space 1024K, 65% used [0x0000000780e80000,0x0000000780f28000,0x0000000780f80000)
  to   space 1024K, 0% used [0x0000000780d80000,0x0000000780d80000,0x0000000780e80000)
 ParOldGen       total 1070080K, used 73756K [0x00000006c0000000, 0x0000000701500000, 0x000000076ab00000)
  object space 1070080K, 6% used [0x00000006c0000000,0x00000006c4807298,0x0000000701500000)
 Metaspace       used 74140K, capacity 75260K, committed 75392K, reserved 1116160K
  class space    used 8768K, capacity 9011K, committed 9088K, reserved 1048576K
Event: 463.003 GC heap after
Heap after GC invocations=224 (full 3):
 PSYoungGen      total 364032K, used 544K [0x000000076ab00000, 0x0000000782080000, 0x00000007c0000000)
  eden space 363008K, 0% used [0x000000076ab00000,0x000000076ab00000,0x0000000780d80000)
  from space 1024K, 53% used [0x0000000780d80000,0x0000000780e08000,0x0000000780e80000)
  to   space 1024K, 0% used [0x0000000781f80000,0x0000000781f80000,0x0000000782080000)
 ParOldGen       total 1070080K, used 73756K [0x00000006c0000000, 0x0000000701500000, 0x000000076ab00000)
  object space 1070080K, 6% used [0x00000006c0000000,0x00000006c4807298,0x0000000701500000)
 Metaspace       used 74140K, capacity 75260K, committed 75392K, reserved 1116160K
  class space    used 8768K, capacity 9011K, committed 9088K, reserved 1048576K
}
Event: 463.267 GC heap before
{Heap before GC invocations=225 (full 3):
 PSYoungGen      total 364032K, used 363552K [0x000000076ab00000, 0x0000000782080000, 0x00000007c0000000)
  eden space 363008K, 100% used [0x000000076ab00000,0x0000000780d80000,0x0000000780d80000)
  from space 1024K, 53% used [0x0000000780d80000,0x0000000780e08000,0x0000000780e80000)
  to   space 1024K, 0% used [0x0000000781f80000,0x0000000781f80000,0x0000000782080000)
 ParOldGen       total 1070080K, used 73756K [0x00000006c0000000, 0x0000000701500000, 0x000000076ab00000)
  object space 1070080K, 6% used [0x00000006c0000000,0x00000006c4807298,0x0000000701500000)
 Metaspace       used 74140K, capacity 75260K, committed 75392K, reserved 1116160K
  class space    used 8768K, capacity 9011K, committed 9088K, reserved 1048576K
Event: 463.269 GC heap after
Heap after GC invocations=225 (full 3):
 PSYoungGen      total 380928K, used 576K [0x000000076ab00000, 0x0000000782080000, 0x00000007c0000000)
  eden space 379904K, 0% used [0x000000076ab00000,0x000000076ab00000,0x0000000781e00000)
  from space 1024K, 56% used [0x0000000781f80000,0x0000000782010000,0x0000000782080000)
  to   space 1024K, 0% used [0x0000000781e80000,0x0000000781e80000,0x0000000781f80000)
 ParOldGen       total 1070080K, used 73756K [0x00000006c0000000, 0x0000000701500000, 0x000000076ab00000)
  object space 1070080K, 6% used [0x00000006c0000000,0x00000006c4807298,0x0000000701500000)
 Metaspace       used 74140K, capacity 75260K, committed 75392K, reserved 1116160K
  class space    used 8768K, capacity 9011K, committed 9088K, reserved 1048576K
}
Event: 463.541 GC heap before
{Heap before GC invocations=226 (full 3):
 PSYoungGen      total 380928K, used 380480K [0x000000076ab00000, 0x0000000782080000, 0x00000007c0000000)
  eden space 379904K, 100% used [0x000000076ab00000,0x0000000781e00000,0x0000000781e00000)
  from space 1024K, 56% used [0x0000000781f80000,0x0000000782010000,0x0000000782080000)
  to   space 1024K, 0% used [0x0000000781e80000,0x0000000781e80000,0x0000000781f80000)
 ParOldGen       total 1070080K, used 73756K [0x00000006c0000000, 0x0000000701500000, 0x000000076ab00000)
  object space 1070080K, 6% used [0x00000006c0000000,0x00000006c4807298,0x0000000701500000)
 Metaspace       used 74140K, capacity 75260K, committed 75392K, reserved 1116160K
  class space    used 8768K, capacity 9011K, committed 9088K, reserved 1048576K
Event: 463.543 GC heap after
Heap after GC invocations=226 (full 3):
 PSYoungGen      total 381440K, used 608K [0x000000076ab00000, 0x0000000783100000, 0x00000007c0000000)
  eden space 380416K, 0% used [0x000000076ab00000,0x000000076ab00000,0x0000000781e80000)
  from space 1024K, 59% used [0x0000000781e80000,0x0000000781f18000,0x0000000781f80000)
  to   space 1024K, 0% used [0x0000000783000000,0x0000000783000000,0x0000000783100000)
 ParOldGen       total 1070080K, used 73756K [0x00000006c0000000, 0x0000000701500000, 0x000000076ab00000)
  object space 1070080K, 6% used [0x00000006c0000000,0x00000006c4807298,0x0000000701500000)
 Metaspace       used 74140K, capacity 75260K, committed 75392K, reserved 1116160K
  class space    used 8768K, capacity 9011K, committed 9088K, reserved 1048576K
}
Event: 463.810 GC heap before
{Heap before GC invocations=227 (full 3):
 PSYoungGen      total 381440K, used 381024K [0x000000076ab00000, 0x0000000783100000, 0x00000007c0000000)
  eden space 380416K, 100% used [0x000000076ab00000,0x0000000781e80000,0x0000000781e80000)
  from space 1024K, 59% used [0x0000000781e80000,0x0000000781f18000,0x0000000781f80000)
  to   space 1024K, 0% used [0x0000000783000000,0x0000000783000000,0x0000000783100000)
 ParOldGen       total 1070080K, used 73756K [0x00000006c0000000, 0x0000000701500000, 0x000000076ab00000)
  object space 1070080K, 6% used [0x00000006c0000000,0x00000006c4807298,0x0000000701500000)
 Metaspace       used 74140K, capacity 75260K, committed 75392K, reserved 1116160K
  class space    used 8768K, capacity 9011K, committed 9088K, reserved 1048576K
Event: 463.812 GC heap after
Heap after GC invocations=227 (full 3):
 PSYoungGen      total 398336K, used 608K [0x000000076ab00000, 0x0000000783100000, 0x00000007c0000000)
  eden space 397312K, 0% used [0x000000076ab00000,0x000000076ab00000,0x0000000782f00000)
  from space 1024K, 59% used [0x0000000783000000,0x0000000783098000,0x0000000783100000)
  to   space 1024K, 0% used [0x0000000782f00000,0x0000000782f00000,0x0000000783000000)
 ParOldGen       total 1070080K, used 73756K [0x00000006c0000000, 0x0000000701500000, 0x000000076ab00000)
  object space 1070080K, 6% used [0x00000006c0000000,0x00000006c4807298,0x0000000701500000)
 Metaspace       used 74140K, capacity 75260K, committed 75392K, reserved 1116160K
  class space    used 8768K, capacity 9011K, committed 9088K, reserved 1048576K
}
Event: 464.089 GC heap before
{Heap before GC invocations=228 (full 3):
 PSYoungGen      total 398336K, used 397920K [0x000000076ab00000, 0x0000000783100000, 0x00000007c0000000)
  eden space 397312K, 100% used [0x000000076ab00000,0x0000000782f00000,0x0000000782f00000)
  from space 1024K, 59% used [0x0000000783000000,0x0000000783098000,0x0000000783100000)
  to   space 1024K, 0% used [0x0000000782f00000,0x0000000782f00000,0x0000000783000000)
 ParOldGen       total 1070080K, used 73756K [0x00000006c0000000, 0x0000000701500000, 0x000000076ab00000)
  object space 1070080K, 6% used [0x00000006c0000000,0x00000006c4807298,0x0000000701500000)
 Metaspace       used 74140K, capacity 75260K, committed 75392K, reserved 1116160K
  class space    used 8768K, capacity 9011K, committed 9088K, reserved 1048576K
Event: 464.091 GC heap after
Heap after GC invocations=228 (full 3):
 PSYoungGen      total 393216K, used 672K [0x000000076ab00000, 0x0000000783080000, 0x00000007c0000000)
  eden space 392192K, 0% used [0x000000076ab00000,0x000000076ab00000,0x0000000782a00000)
  from space 1024K, 65% used [0x0000000782f00000,0x0000000782fa8000,0x0000000783000000)
  to   space 512K, 0% used [0x0000000783000000,0x0000000783000000,0x0000000783080000)
 ParOldGen       total 1070080K, used 73756K [0x00000006c0000000, 0x0000000701500000, 0x000000076ab00000)
  object space 1070080K, 6% used [0x00000006c0000000,0x00000006c4807298,0x0000000701500000)
 Metaspace       used 74140K, capacity 75260K, committed 75392K, reserved 1116160K
  class space    used 8768K, capacity 9011K, committed 9088K, reserved 1048576K
}

